2023-03-09 13:13:20 [http-nio-8080-exec-10] DEBUG [com.winyeahs.fabric.sdkinterface.SdkInterfaceOrg] - skFile = D:\fabricClientRest\clientRest\crypto-config\peerOrganizations\org1.winyeahs.com\users\Admin@org1.winyeahs.com\msp\keystore
2023-03-09 13:13:20 [http-nio-8080-exec-10] DEBUG [com.winyeahs.fabric.sdkinterface.SdkInterfaceOrg] - certificateFile = D:\fabricClientRest\clientRest\crypto-config\peerOrganizations\org1.winyeahs.com\users\Admin@org1.winyeahs.com\msp\signcerts\cert.pem
2023-03-09 13:13:20 [http-nio-8080-exec-10] DEBUG [com.winyeahs.fabric.sdkinterface.SdkInterfaceOrg] - skFile = D:\fabricClientRest\clientRest\crypto-config\peerOrganizations\org1.winyeahs.com\users\Admin@org1.winyeahs.com\msp\keystore
2023-03-09 13:13:20 [http-nio-8080-exec-10] DEBUG [com.winyeahs.fabric.sdkinterface.SdkInterfaceOrg] - certificateFile = D:\fabricClientRest\clientRest\crypto-config\peerOrganizations\org1.winyeahs.com\users\Admin@org1.winyeahs.com\msp\signcerts\cert.pem
2023-03-09 14:20:37 [http-nio-8080-exec-2] DEBUG [com.winyeahs.fabric.sdkinterface.SdkInterfaceOrg] - skFile = D:\fabricClientRest\clientRest\crypto-config\peerOrganizations\org1.winyeahs.com\users\Admin@org1.winyeahs.com\msp\keystore
2023-03-09 14:20:39 [http-nio-8080-exec-2] DEBUG [com.winyeahs.fabric.sdkinterface.SdkInterfaceOrg] - certificateFile = D:\fabricClientRest\clientRest\crypto-config\peerOrganizations\org1.winyeahs.com\users\Admin@org1.winyeahs.com\msp\signcerts\cert.pem
2023-03-09 14:25:22 [http-nio-8080-exec-1] DEBUG [com.winyeahs.fabric.sdkinterface.SdkInterfaceOrg] - skFile = D:\fabricClientRest\clientRest\crypto-config\peerOrganizations\org1.winyeahs.com\users\Admin@org1.winyeahs.com\msp\keystore
2023-03-09 14:25:22 [http-nio-8080-exec-1] DEBUG [com.winyeahs.fabric.sdkinterface.SdkInterfaceOrg] - certificateFile = D:\fabricClientRest\clientRest\crypto-config\peerOrganizations\org1.winyeahs.com\users\Admin@org1.winyeahs.com\msp\signcerts\cert.pem
2023-03-09 14:32:27 [http-nio-8080-exec-7] DEBUG [com.winyeahs.fabric.sdkinterface.SdkInterfaceOrg] - skFile = C:\Users\yajun\Desktop\crypto-config\peerOrganizations\org1.winyeahs.com\users\Admin@org1.winyeahs.com\msp\keystore
2023-03-09 14:32:27 [http-nio-8080-exec-7] DEBUG [com.winyeahs.fabric.sdkinterface.SdkInterfaceOrg] - certificateFile = C:\Users\yajun\Desktop\crypto-config\peerOrganizations\org1.winyeahs.com\users\Admin@org1.winyeahs.com\msp\signcerts\cert.pem
2023-03-09 14:32:38 [http-nio-8080-exec-7] DEBUG [com.winyeahs.fabric.sdkinterface.SdkInterfaceOrg] - skFile = C:\Users\yajun\Desktop\crypto-config\peerOrganizations\org1.winyeahs.com\users\Admin@org1.winyeahs.com\msp\keystore
2023-03-09 14:32:38 [http-nio-8080-exec-7] DEBUG [com.winyeahs.fabric.sdkinterface.SdkInterfaceOrg] - certificateFile = C:\Users\yajun\Desktop\crypto-config\peerOrganizations\org1.winyeahs.com\users\Admin@org1.winyeahs.com\msp\signcerts\cert.pem
2023-03-09 14:36:20 [http-nio-8080-exec-7] DEBUG [com.winyeahs.fabric.sdkinterface.SdkInterfaceOrg] - skFile = C:\Users\yajun\Desktop\crypto-config\peerOrganizations\org1.winyeahs.com\users\Admin@org1.winyeahs.com\msp\keystore
2023-03-09 14:36:20 [http-nio-8080-exec-7] DEBUG [com.winyeahs.fabric.sdkinterface.SdkInterfaceOrg] - certificateFile = C:\Users\yajun\Desktop\crypto-config\peerOrganizations\org1.winyeahs.com\users\Admin@org1.winyeahs.com\msp\signcerts\cert.pem
2023-03-09 14:53:50 [http-nio-8080-exec-4] DEBUG [com.winyeahs.fabric.sdkinterface.SdkInterfaceOrg] - skFile = D:\fabricClientRest\clientRest\src\main\resources\crypto-config\peerOrganizations\org1.winyeahs.com\users\Admin@org1.winyeahs.com\msp\keystore
2023-03-09 14:53:50 [http-nio-8080-exec-4] DEBUG [com.winyeahs.fabric.sdkinterface.SdkInterfaceOrg] - certificateFile = D:\fabricClientRest\clientRest\src\main\resources\crypto-config\peerOrganizations\org1.winyeahs.com\users\Admin@org1.winyeahs.com\msp\signcerts\Admin@org1.winyeahs.com-cert.pem
2023-03-09 15:05:53 [http-nio-8080-exec-6] DEBUG [com.winyeahs.fabric.sdkinterface.SdkInterfaceOrg] - skFile = D:\fabricClientRest\clientRest\src\main\resources\crypto-config\peerOrganizations\org1.winyeahs.com\users\Admin@org1.winyeahs.com\msp\keystore
2023-03-09 15:05:53 [http-nio-8080-exec-6] DEBUG [com.winyeahs.fabric.sdkinterface.SdkInterfaceOrg] - certificateFile = D:\fabricClientRest\clientRest\src\main\resources\crypto-config\peerOrganizations\org1.winyeahs.com\users\Admin@org1.winyeahs.com\msp\signcerts\Admin@org1.winyeahs.com-cert.pem
2023-03-09 16:28:12 [http-nio-8080-exec-7] DEBUG [com.winyeahs.fabric.sdkinterface.SdkInterfaceOrg] - skFile = D:\fabricClientRest\clientRest\src\main\resources\crypto-config\peerOrganizations\org1.winyeahs.com\users\Admin@org1.winyeahs.com\msp\keystore
2023-03-09 16:28:12 [http-nio-8080-exec-7] DEBUG [com.winyeahs.fabric.sdkinterface.SdkInterfaceOrg] - certificateFile = D:\fabricClientRest\clientRest\src\main\resources\crypto-config\peerOrganizations\org1.winyeahs.com\users\Admin@org1.winyeahs.com\msp\signcerts\Admin@org1.winyeahs.com-cert.pem
2023-03-09 17:36:01 [http-nio-8080-exec-6] DEBUG [com.winyeahs.fabric.sdkinterface.SdkInterfaceOrg] - skFile = D:\fabricClientRest\clientRest\src\main\resources\crypto-config\peerOrganizations\org1.winyeahs.com\users\Admin@org1.winyeahs.com\msp\keystore
2023-03-09 17:36:01 [http-nio-8080-exec-6] DEBUG [com.winyeahs.fabric.sdkinterface.SdkInterfaceOrg] - certificateFile = D:\fabricClientRest\clientRest\src\main\resources\crypto-config\peerOrganizations\org1.winyeahs.com\users\Admin@org1.winyeahs.com\msp\signcerts\Admin@org1.winyeahs.com-cert.pem
2023-03-09 17:36:30 [pool-1-thread-3] DEBUG [com.winyeahs.fabric.clientrest.sdk.SdkManager] - success
2023-03-09 17:36:30 [pool-1-thread-3] DEBUG [com.winyeahs.fabric.clientrest.sdk.SdkManager] - {"dataHash":"3b330be749aa087ad6c03c186eb1f89310696f0ee58171a9ad7923b802c2d549","blockNumber":0,"calculatedBlockHash":"7edde2edef299b51cce079d6daa62245d00ef5cae3818172e4e2e5e07e55a6ba","envelopeCount":1,"envelopes":[{"createId":"-----BEGIN CERTIFICATE-----\nMIICEDCCAbagAwIBAgIRAJ5puUCHX5OS56TdDGci2qwwCgYIKoZIzj0EAwIwazEL\nMAkGA1UEBhMCVVMxEzARBgNVBAgTCkNhbGlmb3JuaWExFjAUBgNVBAcTDVNhbiBG\ncmFuY2lzY28xFTATBgNVBAoTDHdpbnllYWhzLmNvbTEYMBYGA1UEAxMPY2Eud2lu\neWVhaHMuY29tMB4XDTIzMDMwODEyMjkwMFoXDTMzMDMwNTEyMjkwMFowWTELMAkG\nA1UEBhMCVVMxEzARBgNVBAgTCkNhbGlmb3JuaWExFjAUBgNVBAcTDVNhbiBGcmFu\nY2lzY28xHTAbBgNVBAMTFG9yZGVyZXIud2lueWVhaHMuY29tMFkwEwYHKoZIzj0C\nAQYIKoZIzj0DAQcDQgAE8FC9bdyBmbAzzfDDZGDne93MU9SkZyhRbsuQYIpo8Asw\nVUq5XXdvXr2NcWLNm3jdAS9t84rliuUFwFGgu0CV/KNNMEswDgYDVR0PAQH/BAQD\nAgeAMAwGA1UdEwEB/wQCMAAwKwYDVR0jBCQwIoAg1xK/PFuwrA9dlvtCnqKM31Ae\n/+Nq+j0aw3hSMvBaLZAwCgYIKoZIzj0EAwIDSAAwRQIhAIbz2KkaaOdQ1C6yUqkF\nyZVgaIHqj9H+dYFSw/+gWd86AiAqL+ZqLWOO9CSsywMCwiBjD4HP2jA/dKJKpj8s\nKebyzw==\n-----END CERTIFICATE-----\n","isValid":true,"validationCode":0,"type":"ENVELOPE","nonce":"7be42ebf887fce31b9bf9d2eab22cb2c9183144bae2394fa","channelId":"paychannel","transactionID":"","createMSPID":"OrdererMSP","timestamp":"2023/03/09 17:36:09"}],"previousHashID":""}
